<?xml version="1.0" encoding="UTF-8"?>
<!-- Generated by org.testng.reporters.JUnitXMLReporter -->
<testsuite hostname="NAVEED" ignored="0" name="Test" tests="1" failures="1" timestamp="2019-10-05T15:12:31 IST" time="0.203" errors="0">
  <testcase name="getHttpPost" time="0.157" classname="com.apitesting.testcases.GetAPITestPost">
    <failure type="java.lang.NullPointerException">
      <![CDATA[java.lang.NullPointerException
at com.apitesting.testcases.GetAPITestPost.getHttpPost(GetAPITestPost.java:49)
at java.util.ArrayList.forEach(ArrayList.java:1257)
... Removed 27 stack frames]]>
    </failure>
  </testcase> <!-- getHttpPost -->
</testsuite> <!-- Test -->
