<?xml version="1.0" encoding="UTF-8"?>
<testng-results skipped="0" failed="0" ignored="0" total="1" passed="1">
  <reporter-output>
  </reporter-output>
  <suite name="Default suite" duration-ms="1553" started-at="2019-10-05T15:25:44 IST" finished-at="2019-10-05T15:25:46 IST">
    <groups>
    </groups>
    <test name="Default test" duration-ms="1553" started-at="2019-10-05T15:25:44 IST" finished-at="2019-10-05T15:25:46 IST">
      <class name="com.apitesting.testcases.GetAPITestPost">
        <test-method status="PASS" signature="setUp()[pri:0, instance:com.apitesting.testcases.GetAPITestPost@61f8bee4]" name="setUp" is-config="true" duration-ms="0" started-at="2019-10-05T15:25:44 IST" finished-at="2019-10-05T15:25:44 IST">
          <reporter-output>
          </reporter-output>
        </test-method> <!-- setUp -->
        <test-method status="PASS" signature="getHttpPost()[pri:0, instance:com.apitesting.testcases.GetAPITestPost@61f8bee4]" name="getHttpPost" duration-ms="1522" started-at="2019-10-05T15:25:44 IST" finished-at="2019-10-05T15:25:46 IST">
          <reporter-output>
          </reporter-output>
        </test-method> <!-- getHttpPost -->
      </class> <!-- com.apitesting.testcases.GetAPITestPost -->
    </test> <!-- Default test -->
  </suite> <!-- Default suite -->
</testng-results>
