<?xml version="1.0" encoding="UTF-8"?>
<testng-results skipped="0" failed="0" ignored="0" total="1" passed="1">
  <reporter-output>
  </reporter-output>
  <suite name="Default suite" duration-ms="1434" started-at="2019-09-22T21:58:03 IST" finished-at="2019-09-22T21:58:05 IST">
    <groups>
    </groups>
    <test name="Default test" duration-ms="1434" started-at="2019-09-22T21:58:03 IST" finished-at="2019-09-22T21:58:05 IST">
      <class name="com.apitesting.testcases.GetAPITest">
        <test-method status="PASS" signature="setUp()[pri:0, instance:com.apitesting.testcases.GetAPITest@3a5ed7a6]" name="setUp" is-config="true" duration-ms="0" started-at="2019-09-22T21:58:03 IST" finished-at="2019-09-22T21:58:03 IST">
          <reporter-output>
          </reporter-output>
        </test-method> <!-- setUp -->
        <test-method status="PASS" signature="getApiTest()[pri:0, instance:com.apitesting.testcases.GetAPITest@3a5ed7a6]" name="getApiTest" duration-ms="1399" started-at="2019-09-22T21:58:03 IST" finished-at="2019-09-22T21:58:05 IST">
          <reporter-output>
          </reporter-output>
        </test-method> <!-- getApiTest -->
      </class> <!-- com.apitesting.testcases.GetAPITest -->
    </test> <!-- Default test -->
  </suite> <!-- Default suite -->
</testng-results>
